<?xml version="1.0" encoding="UTF-8"?>
<!-- Generated by org.testng.reporters.JUnitReportReporter -->
<testsuite hostname="lenovo-PC" name="test.TESTFramework2" tests="1" failures="0" timestamp="12 Jul 2020 13:30:07 GMT" time="0.157" errors="0">
  <testcase name="getthePrice" time="0.157" classname="test.TESTFramework2"/>
</testsuite> <!-- test.TESTFramework2 -->
