<?xml version="1.0" encoding="UTF-8"?>
<!-- Generated by org.testng.reporters.JUnitReportReporter -->
<testsuite hostname="lenovo-PC" name="test.TESTFramework1" tests="1" failures="0" timestamp="10 Jul 2020 14:44:42 GMT" time="2.123" errors="0">
  <testcase name="signupfacebook" time="2.123" classname="test.TESTFramework1"/>
</testsuite> <!-- test.TESTFramework1 -->
